


ARM Macro Assembler    Page 1 


    1 00000000         ; Print.s
    2 00000000         ; Student names: change this to your names or look very 
                       silly
    3 00000000         ; Last modification date: change this to the last modifi
                       cation date or look very silly
    4 00000000         ; Runs on LM4F120 or TM4C123
    5 00000000         ; EE319K lab 7 device driver for any LCD
    6 00000000         ;
    7 00000000         ; As part of Lab 7, students need to implement these LCD
                       _OutDec and LCD_OutFix
    8 00000000         ; This driver assumes two low-level LCD functions
    9 00000000         ; ST7735_OutChar   outputs a single 8-bit ASCII characte
                       r
   10 00000000         ; ST7735_OutString outputs a null-terminated string 
   11 00000000 00000000 
                       remainder
                               EQU              0
   12 00000000 00000004 
                       linkage EQU              4
   13 00000000         
   14 00000000                 IMPORT           ST7735_OutChar
   15 00000000                 IMPORT           ST7735_OutString
   16 00000000                 EXPORT           LCD_OutDec
   17 00000000                 EXPORT           LCD_OutFix
   18 00000000         
   19 00000000                 AREA             |.text|, CODE, READONLY, ALIGN=
2
   20 00000000                 THUMB
   21 00000000         
   22 00000000         
   23 00000000         
   24 00000000         ;-----------------------LCD_OutDec----------------------
                       -
   25 00000000         ; Output a 32-bit number in unsigned decimal format
   26 00000000         ; Input: R0 (call by value) 32-bit unsigned number
   27 00000000         ; Output: none
   28 00000000         ; Invariables: This function must not permanently modify
                        registers R4 to R11
   29 00000000         LCD_OutDec
   30 00000000 B510            PUSH             {R4, LR}
   31 00000002 B082            SUB              SP, #8
   32 00000004         
   33 00000004 F04F 010A       MOV              R1, #10
   34 00000008 4288            CMP              R0, R1
   35 0000000A D314            BLO              printDigit
   36 0000000C         
   37 0000000C FBB0 F2F1       UDIV             R2, R0, R1  ; R2 = R0/10
   38 00000010 FB02 F301       MUL              R3, R2, R1  ; R3 = R2 * 10
   39 00000014 EBA0 0403       SUB              R4, R0, R3  ; R4 = R0 - R3
   40 00000018         
   41 00000018 F003 0300       AND              R3,R3,#0
   42 0000001C         
   43 0000001C 4610            MOV              R0, R2
   44 0000001E         
   45 0000001E 9400            STR              R4, [SP, #remainder]
   46 00000020 F7FF FFFE       BL               LCD_OutDec
   47 00000024         
   48 00000024 9C00            LDR              R4,[SP, #remainder]
   49 00000026 F104 0030       ADD              R0,R4,#0x30



ARM Macro Assembler    Page 2 


   50 0000002A F7FF FFFE       BL               ST7735_OutChar
   51 0000002E         Done
   52 0000002E B002            ADD              SP, #8
   53 00000030 E8BD 4010       POP              {R4, LR}
   54 00000034 4770            BX               LR
   55 00000036         
   56 00000036         printDigit
   57 00000036 F100 0030       ADD              R0, #0x30   ;convert to ascii 
   58 0000003A F7FF FFFE       BL               ST7735_OutChar
   59 0000003E         
   60 0000003E E7F6            B                Done
   61 00000040         
   62 00000040 4770            BX               LR
   63 00000042         ;* * * * * * * * End of LCD_OutDec * * * * * * * *
   64 00000042         
   65 00000042         ; -----------------------LCD _OutFix--------------------
                       --
   66 00000042         ; Output characters to LCD display in fixed-point format
                       
   67 00000042         ; unsigned decimal, resolution 0.001, range 0.000 to 9.9
                       99
   68 00000042         ; Inputs:  R0 is an unsigned 32-bit number
   69 00000042         ; Outputs: none
   70 00000042         ; E.g., R0=0,    then output "0.000 "
   71 00000042         ;       R0=3,    then output "0.003 "
   72 00000042         ;       R0=89,   then output "0.089 "
   73 00000042         ;       R0=123,  then output "0.123 "
   74 00000042         ;       R0=9999, then output "9.999 "
   75 00000042         ;       R0>9999, then output "*.*** "
   76 00000042         ; Invariables: This function must not permanently modify
                        registers R4 to R11
   77 00000042         LCD_OutFix
   78 00000042 B510            PUSH             {R4,LR}
   79 00000044 F242 710F       MOV              R1,#9999
   80 00000048 4288            CMP              R0,R1
   81 0000004A D844            BHI              printStars
   82 0000004C         
   83 0000004C         
   84 0000004C F44F 717A       MOV              R1,#1000
   85 00000050         ;MOV R2, #5 ;number of iterations 
   86 00000050 4603            MOV              R3, R0      ;R3 = input
   87 00000052         ; MOV R5, #10  ;R5 = 10
   88 00000052         
   89 00000052         printLoop
   90 00000052         ;Ro is the Input
   91 00000052 FBB3 F0F1       UDIV             R0,R3,R1    ; DIV by the basis 
                                                             R0 = input/1000
   92 00000056 F100 0030       ADD              R0,#0x30
   93 0000005A B40F            PUSH{R0,         R1, R2, R3}
   94 0000005C F7FF FFFE       BL               ST7735_OutChar ; ().xxx
   95 00000060 BC0F            POP{R0,          R1, R2, R3}
   96 00000062 4618            MOV              R0,R3       ;restoring R0
   97 00000064 FBB0 F2F1       UDIV             R2, R0, R1  ; R2 = R0/R1(1000)
   98 00000068 FB02 F401       MUL              R4, R2, R1  ; R4 = R2 * 1000
   99 0000006C EBA0 0004       SUB              R0,R0,R4
  100 00000070 4603            MOV              R3,R0
  101 00000072         
  102 00000072 F04F 002E       MOV              R0,#46
  103 00000076 B40F            PUSH{R0,         R1, R2, R3}



ARM Macro Assembler    Page 3 


  104 00000078 F7FF FFFE       BL               ST7735_OutChar ;x(.)xxx
  105 0000007C BC0F            POP{R0,          R1, R2, R3}
  106 0000007E         
  107 0000007E         
  108 0000007E F04F 0164       MOV              R1,#100
  109 00000082 4618            MOV              R0, R3      ;R3 = input
  110 00000084         
  111 00000084 FBB3 F0F1       UDIV             R0,R3,R1    ;  R1= adjusted inp
                                                            ut / 100
  112 00000088 F100 0030       ADD              R0,#0x30
  113 0000008C B40F            PUSH{R0,         R1, R2, R3}
  114 0000008E F7FF FFFE       BL               ST7735_OutChar ;x.(x)xx ;1
  115 00000092 BC0F            POP{R0,          R1, R2, R3}
  116 00000094 4618            MOV              R0,R3       ;restoring R0
  117 00000096 FBB0 F2F1       UDIV             R2, R0, R1  ; R2 = R0/R1(100)
  118 0000009A FB02 F401       MUL              R4, R2, R1  ; R4 = R2 * 100 ; 2
                                                            3
  119 0000009E EBA0 0004       SUB              R0,R0,R4
  120 000000A2 4603            MOV              R3, R0
  121 000000A4         
  122 000000A4         
  123 000000A4 F04F 010A       MOV              R1,#10
  124 000000A8         
  125 000000A8 FBB3 F0F1       UDIV             R0,R3,R1    ;23 / 10 = 2
  126 000000AC F100 0030       ADD              R0,#0x30
  127 000000B0 B40F            PUSH{R0,         R1, R2, R3}
  128 000000B2 F7FF FFFE       BL               ST7735_OutChar ;x.x(x)x ;2
  129 000000B6 BC0F            POP{R0,          R1, R2, R3}
  130 000000B8 4618            MOV              R0,R3       ;restore R0
  131 000000BA FBB0 F2F1       UDIV             R2,R0,R1    ;R2 = R0/10
  132 000000BE FB02 F401       MUL              R4,R2,R1    ; R4=R2*10 ; 3
  133 000000C2 EBA0 0004       SUB              R0,R0,R4
  134 000000C6         
  135 000000C6 F100 0030       ADD              R0,#0x30
  136 000000CA B40F            PUSH{R0,         R1, R2, R3}
  137 000000CC F7FF FFFE       BL               ST7735_OutChar
  138 000000D0 E8BD 401F       POP{R0,          R1, R2, R3, R4, LR}
  139 000000D4         
  140 000000D4 4770            BX               LR
  141 000000D6         
  142 000000D6         printStars
  143 000000D6 F04F 002A       MOV              R0, #42
  144 000000DA F7FF FFFE       BL               ST7735_OutChar ;* 
  145 000000DE         
  146 000000DE F04F 002E       MOV              R0, #46
  147 000000E2 F7FF FFFE       BL               ST7735_OutChar ; . 
  148 000000E6         
  149 000000E6 F04F 002A       MOV              R0, #42
  150 000000EA F7FF FFFE       BL               ST7735_OutChar ;* 
  151 000000EE         
  152 000000EE F04F 002A       MOV              R0, #42
  153 000000F2 F7FF FFFE       BL               ST7735_OutChar ;* 
  154 000000F6 F04F 002A       MOV              R0, #42
  155 000000FA F7FF FFFE       BL               ST7735_OutChar ;* 
  156 000000FE         
  157 000000FE E8BD 4010       POP              {R4, LR}
  158 00000102 4770            BX               LR
  159 00000104         
  160 00000104                 ALIGN



ARM Macro Assembler    Page 4 


  161 00000104         ;* * * * * * * * End of LCD_OutFix * * * * * * * *
  162 00000104         
  163 00000104                 ALIGN                        ; make sure the end
                                                             of this section is
                                                             aligned
  164 00000104                 END                          ; end of file
Command Line: --debug --xref --diag_suppress=9931 --cpu=Cortex-M4 --apcs=interw
ork --depend=.\print.d -o.\print.o -I.\RTE\_SpaceInvaders -IC:\Keil_v5\ARM\PACK
\ARM\CMSIS\5.4.0\CMSIS\Core\Include -IC:\Keil_v5\ARM\PACK\Keil\TM4C_DFP\1.1.0\D
evice\Include\TM4C123 --predefine="__EVAL SETA 1" --predefine="__UVISION_VERSIO
N SETA 526" --predefine="_RTE_ SETA 1" --predefine="TM4C123GH6PM SETA 1" --list
=.\print.lst Print.s



ARM Macro Assembler    Page 1 Alphabetic symbol ordering
Relocatable symbols

.text 00000000

Symbol: .text
   Definitions
      At line 19 in file Print.s
   Uses
      None
Comment: .text unused
Done 0000002E

Symbol: Done
   Definitions
      At line 51 in file Print.s
   Uses
      At line 60 in file Print.s
Comment: Done used once
LCD_OutDec 00000000

Symbol: LCD_OutDec
   Definitions
      At line 29 in file Print.s
   Uses
      At line 16 in file Print.s
      At line 46 in file Print.s

LCD_OutFix 00000042

Symbol: LCD_OutFix
   Definitions
      At line 77 in file Print.s
   Uses
      At line 17 in file Print.s
Comment: LCD_OutFix used once
printDigit 00000036

Symbol: printDigit
   Definitions
      At line 56 in file Print.s
   Uses
      At line 35 in file Print.s
Comment: printDigit used once
printLoop 00000052

Symbol: printLoop
   Definitions
      At line 89 in file Print.s
   Uses
      None
Comment: printLoop unused
printStars 000000D6

Symbol: printStars
   Definitions
      At line 142 in file Print.s
   Uses
      At line 81 in file Print.s
Comment: printStars used once
7 symbols



ARM Macro Assembler    Page 1 Alphabetic symbol ordering
Absolute symbols

linkage 00000004

Symbol: linkage
   Definitions
      At line 12 in file Print.s
   Uses
      None
Comment: linkage unused
remainder 00000000

Symbol: remainder
   Definitions
      At line 11 in file Print.s
   Uses
      At line 45 in file Print.s
      At line 48 in file Print.s

2 symbols



ARM Macro Assembler    Page 1 Alphabetic symbol ordering
External symbols

ST7735_OutChar 00000000

Symbol: ST7735_OutChar
   Definitions
      At line 14 in file Print.s
   Uses
      At line 50 in file Print.s
      At line 58 in file Print.s
      At line 94 in file Print.s
      At line 104 in file Print.s
      At line 114 in file Print.s
      At line 128 in file Print.s
      At line 137 in file Print.s
      At line 144 in file Print.s
      At line 147 in file Print.s
      At line 150 in file Print.s
      At line 153 in file Print.s
      At line 155 in file Print.s

ST7735_OutString 00000000

Symbol: ST7735_OutString
   Definitions
      At line 15 in file Print.s
   Uses
      None
Comment: ST7735_OutString unused
2 symbols
345 symbols in table
